Flow report for Alu
Fri May 17 16:57:16 2019
Quartus II 64-Bit Version 13.0.1 Build 232 06/12/2013 Service Pack 1 SJ Web Edition


---------------------
; Table of Contents ;
---------------------
  1. Legal Notice
  2. Flow Summary
  3. Flow Settings
  4. Flow Non-Default Global Settings
  5. Flow Elapsed Time
  6. Flow OS Summary
  7. Flow Log
  8. Flow Messages
  9. Flow Suppressed Messages



----------------
; Legal Notice ;
----------------
Copyright (C) 1991-2013 Altera Corporation
Your use of Altera Corporation's design tools, logic functions 
and other software and tools, and its AMPP partner logic 
functions, and any output files from any of the foregoing 
(including device programming or simulation files), and any 
associated documentation or information are expressly subject 
to the terms and conditions of the Altera Program License 
Subscription Agreement, Altera MegaCore Function License 
Agreement, or other applicable license agreement, including, 
without limitation, that your use is for the sole purpose of 
programming logic devices manufactured by Altera and sold by 
Altera or its authorized distributors.  Please refer to the 
applicable agreement for further details.



+--------------------------------------------------------------------------------------+
; Flow Summary                                                                         ;
+------------------------------------+-------------------------------------------------+
; Flow Status                        ; Successful - Fri May 17 16:57:16 2019           ;
; Quartus II 64-Bit Version          ; 13.0.1 Build 232 06/12/2013 SP 1 SJ Web Edition ;
; Revision Name                      ; Alu                                             ;
; Top-level Entity Name              ; Alu                                             ;
; Family                             ; Cyclone II                                      ;
; Device                             ; EP2C20F484C7                                    ;
; Timing Models                      ; Final                                           ;
; Total logic elements               ; 2,499 / 18,752 ( 13 % )                         ;
;     Total combinational functions  ; 2,499 / 18,752 ( 13 % )                         ;
;     Dedicated logic registers      ; 0 / 18,752 ( 0 % )                              ;
; Total registers                    ; 0                                               ;
; Total pins                         ; 100 / 315 ( 32 % )                              ;
; Total virtual pins                 ; 0                                               ;
; Total memory bits                  ; 0 / 239,616 ( 0 % )                             ;
; Embedded Multiplier 9-bit elements ; 6 / 52 ( 12 % )                                 ;
; Total PLLs                         ; 0 / 4 ( 0 % )                                   ;
+------------------------------------+-------------------------------------------------+


+-----------------------------------------+
; Flow Settings                           ;
+-------------------+---------------------+
; Option            ; Setting             ;
+-------------------+---------------------+
; Start date & time ; 05/17/2019 16:50:55 ;
; Main task         ; Compilation         ;
; Revision Name     ; Alu                 ;
+-------------------+---------------------+


+------------------------------------------------------------------------------------------------------------------+
; Flow Non-Default Global Settings                                                                                 ;
+-------------------------------------+---------------------------------+---------------+-------------+------------+
; Assignment Name                     ; Value                           ; Default Value ; Entity Name ; Section Id ;
+-------------------------------------+---------------------------------+---------------+-------------+------------+
; COMPILER_SIGNATURE_ID               ; 140926351179776.155812985405592 ; --            ; --          ; --         ;
; MAX_CORE_JUNCTION_TEMP              ; 85                              ; --            ; --          ; --         ;
; MIN_CORE_JUNCTION_TEMP              ; 0                               ; --            ; --          ; --         ;
; PARTITION_COLOR                     ; 16764057                        ; --            ; --          ; Top        ;
; PARTITION_FITTER_PRESERVATION_LEVEL ; PLACEMENT_AND_ROUTING           ; --            ; --          ; Top        ;
; PARTITION_NETLIST_TYPE              ; SOURCE                          ; --            ; --          ; Top        ;
; PROJECT_OUTPUT_DIRECTORY            ; output_files                    ; --            ; --          ; --         ;
+-------------------------------------+---------------------------------+---------------+-------------+------------+


+-------------------------------------------------------------------------------------------------------------------------------+
; Flow Elapsed Time                                                                                                             ;
+---------------------------+--------------+-------------------------+---------------------+------------------------------------+
; Module Name               ; Elapsed Time ; Average Processors Used ; Peak Virtual Memory ; Total CPU Time (on all processors) ;
+---------------------------+--------------+-------------------------+---------------------+------------------------------------+
; Analysis & Synthesis      ; 00:00:12     ; 1.0                     ; 4707 MB             ; 00:00:11                           ;
; Fitter                    ; 00:00:19     ; 1.0                     ; 4871 MB             ; 00:00:18                           ;
; Assembler                 ; 00:00:02     ; 1.0                     ; 4583 MB             ; 00:00:02                           ;
; TimeQuest Timing Analyzer ; 00:00:02     ; 1.0                     ; 4599 MB             ; 00:00:02                           ;
; EDA Netlist Writer        ; 00:00:01     ; 1.0                     ; 4552 MB             ; 00:00:01                           ;
; EDA Netlist Writer        ; 00:00:02     ; 1.0                     ; 4563 MB             ; 00:00:02                           ;
; EDA Netlist Writer        ; 00:00:01     ; 1.0                     ; 4547 MB             ; 00:00:01                           ;
; EDA Netlist Writer        ; 00:00:01     ; 1.0                     ; 4563 MB             ; 00:00:02                           ;
; Total                     ; 00:00:40     ; --                      ; --                  ; 00:00:39                           ;
+---------------------------+--------------+-------------------------+---------------------+------------------------------------+


+----------------------------------------------------------------------------------------+
; Flow OS Summary                                                                        ;
+---------------------------+------------------+-----------+------------+----------------+
; Module Name               ; Machine Hostname ; OS Name   ; OS Version ; Processor type ;
+---------------------------+------------------+-----------+------------+----------------+
; Analysis & Synthesis      ; BebeDeIsabella   ; Windows 7 ; 6.2        ; x86_64         ;
; Fitter                    ; BebeDeIsabella   ; Windows 7 ; 6.2        ; x86_64         ;
; Assembler                 ; BebeDeIsabella   ; Windows 7 ; 6.2        ; x86_64         ;
; TimeQuest Timing Analyzer ; BebeDeIsabella   ; Windows 7 ; 6.2        ; x86_64         ;
; EDA Netlist Writer        ; BebeDeIsabella   ; Windows 7 ; 6.2        ; x86_64         ;
; EDA Netlist Writer        ; BebeDeIsabella   ; Windows 7 ; 6.2        ; x86_64         ;
; EDA Netlist Writer        ; BebeDeIsabella   ; Windows 7 ; 6.2        ; x86_64         ;
; EDA Netlist Writer        ; BebeDeIsabella   ; Windows 7 ; 6.2        ; x86_64         ;
+---------------------------+------------------+-----------+------------+----------------+


------------
; Flow Log ;
------------
quartus_map --read_settings_files=on --write_settings_files=off Alu -c Alu
quartus_fit --read_settings_files=off --write_settings_files=off Alu -c Alu
quartus_asm --read_settings_files=off --write_settings_files=off Alu -c Alu
quartus_sta Alu -c Alu
quartus_eda --gen_testbench --check_outputs=on --tool=modelsim_oem --format=verilog Alu -c Alu --vector_source=D:/PUJ/8/Arq/ProyectoARQUI2/Alu/Waveform.vwf --testbench_file=./simulation/qsim/Alu.vt
quartus_eda --functional=on --simulation=on --tool=modelsim_oem --format=verilog Alu -c Alu
quartus_eda --gen_testbench --check_outputs=on --tool=modelsim_oem --format=verilog Alu -c Alu --vector_source=D:/PUJ/8/Arq/ProyectoARQUI2/Alu/Waveform.vwf --testbench_file=./simulation/qsim/Alu.vt
quartus_eda --functional=on --simulation=on --tool=modelsim_oem --format=verilog Alu -c Alu



