Analysis & Synthesis report for prueba1
Wed May 01 18:28:48 2019
Quartus II 64-Bit Version 13.0.1 Build 232 06/12/2013 Service Pack 1 SJ Web Edition


---------------------
; Table of Contents ;
---------------------
  1. Legal Notice
  2. Analysis & Synthesis Summary
  3. Analysis & Synthesis Settings
  4. Parallel Compilation
  5. Analysis & Synthesis Source Files Read
  6. Analysis & Synthesis Resource Usage Summary
  7. Analysis & Synthesis Resource Utilization by Entity
  8. Registers Removed During Synthesis
  9. General Register Statistics
 10. Multiplexer Restructuring Statistics (Restructuring Performed)
 11. Parameter Settings for User Entity Instance: ShiftLeft:aShiftLeft
 12. Port Connectivity Checks: "Alu:aAlu"
 13. Port Connectivity Checks: "MuxAluSrcB:aMuxAluSrcB"
 14. Elapsed Time Per Partition
 15. Analysis & Synthesis Messages



----------------
; Legal Notice ;
----------------
Copyright (C) 1991-2013 Altera Corporation
Your use of Altera Corporation's design tools, logic functions 
and other software and tools, and its AMPP partner logic 
functions, and any output files from any of the foregoing 
(including device programming or simulation files), and any 
associated documentation or information are expressly subject 
to the terms and conditions of the Altera Program License 
Subscription Agreement, Altera MegaCore Function License 
Agreement, or other applicable license agreement, including, 
without limitation, that your use is for the sole purpose of 
programming logic devices manufactured by Altera and sold by 
Altera or its authorized distributors.  Please refer to the 
applicable agreement for further details.



+--------------------------------------------------------------------------------------+
; Analysis & Synthesis Summary                                                         ;
+------------------------------------+-------------------------------------------------+
; Analysis & Synthesis Status        ; Successful - Wed May 01 18:28:48 2019           ;
; Quartus II 64-Bit Version          ; 13.0.1 Build 232 06/12/2013 SP 1 SJ Web Edition ;
; Revision Name                      ; prueba1                                         ;
; Top-level Entity Name              ; prueba1                                         ;
; Family                             ; Cyclone II                                      ;
; Total logic elements               ; 0                                               ;
;     Total combinational functions  ; 0                                               ;
;     Dedicated logic registers      ; 0                                               ;
; Total registers                    ; 0                                               ;
; Total pins                         ; 225                                             ;
; Total virtual pins                 ; 0                                               ;
; Total memory bits                  ; 0                                               ;
; Embedded Multiplier 9-bit elements ; 0                                               ;
; Total PLLs                         ; 0                                               ;
+------------------------------------+-------------------------------------------------+


+----------------------------------------------------------------------------------------------------------------------+
; Analysis & Synthesis Settings                                                                                        ;
+----------------------------------------------------------------------------+--------------------+--------------------+
; Option                                                                     ; Setting            ; Default Value      ;
+----------------------------------------------------------------------------+--------------------+--------------------+
; Device                                                                     ; EP2C20F484C7       ;                    ;
; Top-level entity name                                                      ; prueba1            ; prueba1            ;
; Family name                                                                ; Cyclone II         ; Cyclone IV GX      ;
; Use smart compilation                                                      ; Off                ; Off                ;
; Enable parallel Assembler and TimeQuest Timing Analyzer during compilation ; On                 ; On                 ;
; Enable compact report table                                                ; Off                ; Off                ;
; Restructure Multiplexers                                                   ; Auto               ; Auto               ;
; Create Debugging Nodes for IP Cores                                        ; Off                ; Off                ;
; Preserve fewer node names                                                  ; On                 ; On                 ;
; Disable OpenCore Plus hardware evaluation                                  ; Off                ; Off                ;
; Verilog Version                                                            ; Verilog_2001       ; Verilog_2001       ;
; VHDL Version                                                               ; VHDL_1993          ; VHDL_1993          ;
; State Machine Processing                                                   ; Auto               ; Auto               ;
; Safe State Machine                                                         ; Off                ; Off                ;
; Extract Verilog State Machines                                             ; On                 ; On                 ;
; Extract VHDL State Machines                                                ; On                 ; On                 ;
; Ignore Verilog initial constructs                                          ; Off                ; Off                ;
; Iteration limit for constant Verilog loops                                 ; 5000               ; 5000               ;
; Iteration limit for non-constant Verilog loops                             ; 250                ; 250                ;
; Add Pass-Through Logic to Inferred RAMs                                    ; On                 ; On                 ;
; Infer RAMs from Raw Logic                                                  ; On                 ; On                 ;
; Parallel Synthesis                                                         ; On                 ; On                 ;
; DSP Block Balancing                                                        ; Auto               ; Auto               ;
; NOT Gate Push-Back                                                         ; On                 ; On                 ;
; Power-Up Don't Care                                                        ; On                 ; On                 ;
; Remove Redundant Logic Cells                                               ; Off                ; Off                ;
; Remove Duplicate Registers                                                 ; On                 ; On                 ;
; Ignore CARRY Buffers                                                       ; Off                ; Off                ;
; Ignore CASCADE Buffers                                                     ; Off                ; Off                ;
; Ignore GLOBAL Buffers                                                      ; Off                ; Off                ;
; Ignore ROW GLOBAL Buffers                                                  ; Off                ; Off                ;
; Ignore LCELL Buffers                                                       ; Off                ; Off                ;
; Ignore SOFT Buffers                                                        ; On                 ; On                 ;
; Limit AHDL Integers to 32 Bits                                             ; Off                ; Off                ;
; Optimization Technique                                                     ; Balanced           ; Balanced           ;
; Carry Chain Length                                                         ; 70                 ; 70                 ;
; Auto Carry Chains                                                          ; On                 ; On                 ;
; Auto Open-Drain Pins                                                       ; On                 ; On                 ;
; Perform WYSIWYG Primitive Resynthesis                                      ; Off                ; Off                ;
; Auto ROM Replacement                                                       ; On                 ; On                 ;
; Auto RAM Replacement                                                       ; On                 ; On                 ;
; Auto Shift Register Replacement                                            ; Auto               ; Auto               ;
; Allow Shift Register Merging across Hierarchies                            ; Auto               ; Auto               ;
; Auto Clock Enable Replacement                                              ; On                 ; On                 ;
; Strict RAM Replacement                                                     ; Off                ; Off                ;
; Allow Synchronous Control Signals                                          ; On                 ; On                 ;
; Force Use of Synchronous Clear Signals                                     ; Off                ; Off                ;
; Auto RAM to Logic Cell Conversion                                          ; Off                ; Off                ;
; Auto Resource Sharing                                                      ; Off                ; Off                ;
; Allow Any RAM Size For Recognition                                         ; Off                ; Off                ;
; Allow Any ROM Size For Recognition                                         ; Off                ; Off                ;
; Allow Any Shift Register Size For Recognition                              ; Off                ; Off                ;
; Use LogicLock Constraints during Resource Balancing                        ; On                 ; On                 ;
; Ignore translate_off and synthesis_off directives                          ; Off                ; Off                ;
; Timing-Driven Synthesis                                                    ; Off                ; Off                ;
; Report Parameter Settings                                                  ; On                 ; On                 ;
; Report Source Assignments                                                  ; On                 ; On                 ;
; Report Connectivity Checks                                                 ; On                 ; On                 ;
; Ignore Maximum Fan-Out Assignments                                         ; Off                ; Off                ;
; Synchronization Register Chain Length                                      ; 2                  ; 2                  ;
; PowerPlay Power Optimization                                               ; Normal compilation ; Normal compilation ;
; HDL message level                                                          ; Level2             ; Level2             ;
; Suppress Register Optimization Related Messages                            ; Off                ; Off                ;
; Number of Removed Registers Reported in Synthesis Report                   ; 5000               ; 5000               ;
; Number of Swept Nodes Reported in Synthesis Report                         ; 5000               ; 5000               ;
; Number of Inverted Registers Reported in Synthesis Report                  ; 100                ; 100                ;
; Clock MUX Protection                                                       ; On                 ; On                 ;
; Auto Gated Clock Conversion                                                ; Off                ; Off                ;
; Block Design Naming                                                        ; Auto               ; Auto               ;
; SDC constraint protection                                                  ; Off                ; Off                ;
; Synthesis Effort                                                           ; Auto               ; Auto               ;
; Shift Register Replacement - Allow Asynchronous Clear Signal               ; On                 ; On                 ;
; Pre-Mapping Resynthesis Optimization                                       ; Off                ; Off                ;
; Analysis & Synthesis Message Level                                         ; Medium             ; Medium             ;
; Disable Register Merging Across Hierarchies                                ; Auto               ; Auto               ;
; Resource Aware Inference For Block RAM                                     ; On                 ; On                 ;
; Synthesis Seed                                                             ; 1                  ; 1                  ;
+----------------------------------------------------------------------------+--------------------+--------------------+


Parallel compilation was disabled, but you have multiple processors available. Enable parallel compilation to reduce compilation time.
+-------------------------------------+
; Parallel Compilation                ;
+----------------------------+--------+
; Processors                 ; Number ;
+----------------------------+--------+
; Number detected on machine ; 8      ;
; Maximum allowed            ; 1      ;
+----------------------------+--------+


+--------------------------------------------------------------------------------------------------------------------------------------+
; Analysis & Synthesis Source Files Read                                                                                               ;
+----------------------------------+-----------------+-----------------+-----------------------------------------------------+---------+
; File Name with User-Entered Path ; Used in Netlist ; File Type       ; File Name with Absolute Path                        ; Library ;
+----------------------------------+-----------------+-----------------+-----------------------------------------------------+---------+
; ../ShiftLeft/ShiftLeft.vhd       ; yes             ; User VHDL File  ; D:/PUJ/8/Arq/ProyectoARQUI2/ShiftLeft/ShiftLeft.vhd ;         ;
; ../Alu/Alu.vhd                   ; yes             ; User VHDL File  ; D:/PUJ/8/Arq/ProyectoARQUI2/Alu/Alu.vhd             ;         ;
; ../AluSrcB/MuxAluSrcB.vhd        ; yes             ; User VHDL File  ; D:/PUJ/8/Arq/ProyectoARQUI2/AluSrcB/MuxAluSrcB.vhd  ;         ;
; ../MuxAluSrcA/MuxSrcA.vhd        ; yes             ; User VHDL File  ; D:/PUJ/8/Arq/ProyectoARQUI2/MuxAluSrcA/MuxSrcA.vhd  ;         ;
; ../Registros/Registro.vhd        ; yes             ; User VHDL File  ; D:/PUJ/8/Arq/ProyectoARQUI2/Registros/Registro.vhd  ;         ;
; prueba1.vhd                      ; yes             ; User VHDL File  ; D:/PUJ/8/Arq/ProyectoARQUI2/Prueba1/prueba1.vhd     ;         ;
+----------------------------------+-----------------+-----------------+-----------------------------------------------------+---------+


+-----------------------------------------------------+
; Analysis & Synthesis Resource Usage Summary         ;
+---------------------------------------------+-------+
; Resource                                    ; Usage ;
+---------------------------------------------+-------+
;                                             ;       ;
; Total combinational functions               ; 0     ;
; Logic element usage by number of LUT inputs ;       ;
;     -- 4 input functions                    ; 0     ;
;     -- 3 input functions                    ; 0     ;
;     -- <=2 input functions                  ; 0     ;
;                                             ;       ;
; Logic elements by mode                      ;       ;
;     -- normal mode                          ; 0     ;
;     -- arithmetic mode                      ; 0     ;
;                                             ;       ;
; Total registers                             ; 0     ;
;     -- Dedicated logic registers            ; 0     ;
;     -- I/O registers                        ; 0     ;
;                                             ;       ;
; I/O pins                                    ; 225   ;
; Embedded Multiplier 9-bit elements          ; 0     ;
+---------------------------------------------+-------+


+-----------------------------------------------------------------------------------------------------------------------------------------------------------------------------+
; Analysis & Synthesis Resource Utilization by Entity                                                                                                                         ;
+----------------------------+-------------------+--------------+-------------+--------------+---------+-----------+------+--------------+---------------------+--------------+
; Compilation Hierarchy Node ; LC Combinationals ; LC Registers ; Memory Bits ; DSP Elements ; DSP 9x9 ; DSP 18x18 ; Pins ; Virtual Pins ; Full Hierarchy Name ; Library Name ;
+----------------------------+-------------------+--------------+-------------+--------------+---------+-----------+------+--------------+---------------------+--------------+
; |prueba1                   ; 0 (0)             ; 0 (0)        ; 0           ; 0            ; 0       ; 0         ; 225  ; 0            ; |prueba1            ; work         ;
+----------------------------+-------------------+--------------+-------------+--------------+---------+-----------+------+--------------+---------------------+--------------+
Note: For table entries with two numbers listed, the numbers in parentheses indicate the number of resources of the given type used by the specific entity alone. The numbers listed outside of parentheses indicate the total resources of the given type used by the specific entity and all of its sub-entities in the hierarchy.


+---------------------------------------------------------------------------------+
; Registers Removed During Synthesis                                              ;
+----------------------------------------+----------------------------------------+
; Register name                          ; Reason for Removal                     ;
+----------------------------------------+----------------------------------------+
; Registro:regB|temp[0..31]              ; Lost fanout                            ;
; Registro:regA|temp[0..31]              ; Lost fanout                            ;
; Registro:regAluOut|temp[0..31]         ; Stuck at GND due to stuck port data_in ;
; Total Number of Removed Registers = 96 ;                                        ;
+----------------------------------------+----------------------------------------+


+------------------------------------------------------+
; General Register Statistics                          ;
+----------------------------------------------+-------+
; Statistic                                    ; Value ;
+----------------------------------------------+-------+
; Total registers                              ; 0     ;
; Number of registers using Synchronous Clear  ; 0     ;
; Number of registers using Synchronous Load   ; 0     ;
; Number of registers using Asynchronous Clear ; 0     ;
; Number of registers using Asynchronous Load  ; 0     ;
; Number of registers using Clock Enable       ; 0     ;
; Number of registers using Preset             ; 0     ;
+----------------------------------------------+-------+


+-----------------------------------------------------------------------------------------------------------------------------------------------------+
; Multiplexer Restructuring Statistics (Restructuring Performed)                                                                                      ;
+--------------------+-----------+---------------+----------------------+------------------------+------------+---------------------------------------+
; Multiplexer Inputs ; Bus Width ; Baseline Area ; Area if Restructured ; Saving if Restructured ; Registered ; Example Multiplexer Output            ;
+--------------------+-----------+---------------+----------------------+------------------------+------------+---------------------------------------+
; 4:1                ; 2 bits    ; 4 LEs         ; 0 LEs                ; 4 LEs                  ; No         ; |prueba1|MuxAluSrcB:aMuxAluSrcB|Mux30 ;
; 4:1                ; 30 bits   ; 60 LEs        ; 0 LEs                ; 60 LEs                 ; No         ; |prueba1|MuxAluSrcB:aMuxAluSrcB|Mux24 ;
; 1:1                ; 32 bits   ; 0 LEs         ; 0 LEs                ; 0 LEs                  ; No         ; |prueba1|Alu:aAlu|Mux29               ;
; 5:1                ; 32 bits   ; 96 LEs        ; 0 LEs                ; 96 LEs                 ; No         ; |prueba1|Alu:aAlu|Mux41               ;
+--------------------+-----------+---------------+----------------------+------------------------+------------+---------------------------------------+


+-------------------------------------------------------------------+
; Parameter Settings for User Entity Instance: ShiftLeft:aShiftLeft ;
+----------------+-------+------------------------------------------+
; Parameter Name ; Value ; Type                                     ;
+----------------+-------+------------------------------------------+
; long           ; 31    ; Signed Integer                           ;
+----------------+-------+------------------------------------------+
Note: In order to hide this table in the UI and the text report file, please set the "Show Parameter Settings in Synthesis Report" option in "Analysis and Synthesis Settings -> More Settings" to "Off".


+----------------------------------------------------------------------------------------------------------------+
; Port Connectivity Checks: "Alu:aAlu"                                                                           ;
+------+--------+----------+-------------------------------------------------------------------------------------+
; Port ; Type   ; Severity ; Details                                                                             ;
+------+--------+----------+-------------------------------------------------------------------------------------+
; br   ; Output ; Info     ; Connected to dangling logic. Logic that only feeds a dangling port will be removed. ;
+------+--------+----------+-------------------------------------------------------------------------------------+


+----------------------------------------------------+
; Port Connectivity Checks: "MuxAluSrcB:aMuxAluSrcB" ;
+-----------------+-------+----------+---------------+
; Port            ; Type  ; Severity ; Details       ;
+-----------------+-------+----------+---------------+
; entrada1[31..3] ; Input ; Info     ; Stuck at GND  ;
; entrada1[1..0]  ; Input ; Info     ; Stuck at GND  ;
; entrada1[2]     ; Input ; Info     ; Stuck at VCC  ;
+-----------------+-------+----------+---------------+


+-------------------------------+
; Elapsed Time Per Partition    ;
+----------------+--------------+
; Partition Name ; Elapsed Time ;
+----------------+--------------+
; Top            ; 00:00:00     ;
+----------------+--------------+


+-------------------------------+
; Analysis & Synthesis Messages ;
+-------------------------------+
Info: *******************************************************************
Info: Running Quartus II 64-Bit Analysis & Synthesis
    Info: Version 13.0.1 Build 232 06/12/2013 Service Pack 1 SJ Web Edition
    Info: Processing started: Wed May 01 18:28:47 2019
Info: Command: quartus_map --read_settings_files=on --write_settings_files=off prueba1 -c prueba1
Warning (20028): Parallel compilation is not licensed and has been disabled
Info (12021): Found 2 design units, including 1 entities, in source file /puj/8/arq/proyectoarqui2/shiftleft/shiftleft.vhd
    Info (12022): Found design unit 1: ShiftLeft-ShiftLeft_arc
    Info (12023): Found entity 1: ShiftLeft
Info (12021): Found 2 design units, including 1 entities, in source file /puj/8/arq/proyectoarqui2/alu/alu.vhd
    Info (12022): Found design unit 1: Alu-Alu_arc
    Info (12023): Found entity 1: Alu
Info (12021): Found 2 design units, including 1 entities, in source file /puj/8/arq/proyectoarqui2/alusrcb/muxalusrcb.vhd
    Info (12022): Found design unit 1: MuxAluSrcB-archMuxAluSrcB
    Info (12023): Found entity 1: MuxAluSrcB
Info (12021): Found 2 design units, including 1 entities, in source file /puj/8/arq/proyectoarqui2/muxalusrca/muxsrca.vhd
    Info (12022): Found design unit 1: MuxSrcA-archMuxScrA
    Info (12023): Found entity 1: MuxSrcA
Info (12021): Found 2 design units, including 1 entities, in source file /puj/8/arq/proyectoarqui2/registros/registro.vhd
    Info (12022): Found design unit 1: Registro-arch_Registro
    Info (12023): Found entity 1: Registro
Info (12021): Found 2 design units, including 1 entities, in source file prueba1.vhd
    Info (12022): Found design unit 1: prueba1-arch_prueba
    Info (12023): Found entity 1: prueba1
Info (12127): Elaborating entity "prueba1" for the top level hierarchy
Warning (10541): VHDL Signal Declaration warning at prueba1.vhd(82): used implicit default value for signal "AluSrcA" because signal was never assigned a value or an explicit default value. Use of implicit default value may introduce unintended design optimizations.
Warning (10541): VHDL Signal Declaration warning at prueba1.vhd(83): used implicit default value for signal "AluSrcB" because signal was never assigned a value or an explicit default value. Use of implicit default value may introduce unintended design optimizations.
Warning (10036): Verilog HDL or VHDL warning at prueba1.vhd(84): object "sBrAlu" assigned a value but never read
Warning (10541): VHDL Signal Declaration warning at prueba1.vhd(90): used implicit default value for signal "AluOp" because signal was never assigned a value or an explicit default value. Use of implicit default value may introduce unintended design optimizations.
Info (12128): Elaborating entity "Registro" for hierarchy "Registro:regA"
Info (12128): Elaborating entity "MuxSrcA" for hierarchy "MuxSrcA:MuxAluSrcA"
Info (12128): Elaborating entity "ShiftLeft" for hierarchy "ShiftLeft:aShiftLeft"
Info (12128): Elaborating entity "MuxAluSrcB" for hierarchy "MuxAluSrcB:aMuxAluSrcB"
Info (12128): Elaborating entity "Alu" for hierarchy "Alu:aAlu"
Warning (10631): VHDL Process Statement warning at Alu.vhd(18): inferring latch(es) for signal or variable "res", which holds its previous value in one or more paths through the process
Warning (10631): VHDL Process Statement warning at Alu.vhd(18): inferring latch(es) for signal or variable "tmp", which holds its previous value in one or more paths through the process
Info (10041): Inferred latch for "tmp[0]" at Alu.vhd(18)
Info (10041): Inferred latch for "tmp[1]" at Alu.vhd(18)
Info (10041): Inferred latch for "tmp[2]" at Alu.vhd(18)
Info (10041): Inferred latch for "tmp[3]" at Alu.vhd(18)
Info (10041): Inferred latch for "tmp[4]" at Alu.vhd(18)
Info (10041): Inferred latch for "tmp[5]" at Alu.vhd(18)
Info (10041): Inferred latch for "tmp[6]" at Alu.vhd(18)
Info (10041): Inferred latch for "tmp[7]" at Alu.vhd(18)
Info (10041): Inferred latch for "tmp[8]" at Alu.vhd(18)
Info (10041): Inferred latch for "tmp[9]" at Alu.vhd(18)
Info (10041): Inferred latch for "tmp[10]" at Alu.vhd(18)
Info (10041): Inferred latch for "tmp[11]" at Alu.vhd(18)
Info (10041): Inferred latch for "tmp[12]" at Alu.vhd(18)
Info (10041): Inferred latch for "tmp[13]" at Alu.vhd(18)
Info (10041): Inferred latch for "tmp[14]" at Alu.vhd(18)
Info (10041): Inferred latch for "tmp[15]" at Alu.vhd(18)
Info (10041): Inferred latch for "tmp[16]" at Alu.vhd(18)
Info (10041): Inferred latch for "tmp[17]" at Alu.vhd(18)
Info (10041): Inferred latch for "tmp[18]" at Alu.vhd(18)
Info (10041): Inferred latch for "tmp[19]" at Alu.vhd(18)
Info (10041): Inferred latch for "tmp[20]" at Alu.vhd(18)
Info (10041): Inferred latch for "tmp[21]" at Alu.vhd(18)
Info (10041): Inferred latch for "tmp[22]" at Alu.vhd(18)
Info (10041): Inferred latch for "tmp[23]" at Alu.vhd(18)
Info (10041): Inferred latch for "tmp[24]" at Alu.vhd(18)
Info (10041): Inferred latch for "tmp[25]" at Alu.vhd(18)
Info (10041): Inferred latch for "tmp[26]" at Alu.vhd(18)
Info (10041): Inferred latch for "tmp[27]" at Alu.vhd(18)
Info (10041): Inferred latch for "tmp[28]" at Alu.vhd(18)
Info (10041): Inferred latch for "tmp[29]" at Alu.vhd(18)
Info (10041): Inferred latch for "tmp[30]" at Alu.vhd(18)
Info (10041): Inferred latch for "tmp[31]" at Alu.vhd(18)
Info (10041): Inferred latch for "res[0]" at Alu.vhd(18)
Info (10041): Inferred latch for "res[1]" at Alu.vhd(18)
Info (10041): Inferred latch for "res[2]" at Alu.vhd(18)
Info (10041): Inferred latch for "res[3]" at Alu.vhd(18)
Info (10041): Inferred latch for "res[4]" at Alu.vhd(18)
Info (10041): Inferred latch for "res[5]" at Alu.vhd(18)
Info (10041): Inferred latch for "res[6]" at Alu.vhd(18)
Info (10041): Inferred latch for "res[7]" at Alu.vhd(18)
Info (10041): Inferred latch for "res[8]" at Alu.vhd(18)
Info (10041): Inferred latch for "res[9]" at Alu.vhd(18)
Info (10041): Inferred latch for "res[10]" at Alu.vhd(18)
Info (10041): Inferred latch for "res[11]" at Alu.vhd(18)
Info (10041): Inferred latch for "res[12]" at Alu.vhd(18)
Info (10041): Inferred latch for "res[13]" at Alu.vhd(18)
Info (10041): Inferred latch for "res[14]" at Alu.vhd(18)
Info (10041): Inferred latch for "res[15]" at Alu.vhd(18)
Info (10041): Inferred latch for "res[16]" at Alu.vhd(18)
Info (10041): Inferred latch for "res[17]" at Alu.vhd(18)
Info (10041): Inferred latch for "res[18]" at Alu.vhd(18)
Info (10041): Inferred latch for "res[19]" at Alu.vhd(18)
Info (10041): Inferred latch for "res[20]" at Alu.vhd(18)
Info (10041): Inferred latch for "res[21]" at Alu.vhd(18)
Info (10041): Inferred latch for "res[22]" at Alu.vhd(18)
Info (10041): Inferred latch for "res[23]" at Alu.vhd(18)
Info (10041): Inferred latch for "res[24]" at Alu.vhd(18)
Info (10041): Inferred latch for "res[25]" at Alu.vhd(18)
Info (10041): Inferred latch for "res[26]" at Alu.vhd(18)
Info (10041): Inferred latch for "res[27]" at Alu.vhd(18)
Info (10041): Inferred latch for "res[28]" at Alu.vhd(18)
Info (10041): Inferred latch for "res[29]" at Alu.vhd(18)
Info (10041): Inferred latch for "res[30]" at Alu.vhd(18)
Info (10041): Inferred latch for "res[31]" at Alu.vhd(18)
Warning (14025): LATCH primitive "Alu:aAlu|tmp[18]" is permanently disabled
Warning (14025): LATCH primitive "Alu:aAlu|tmp[17]" is permanently disabled
Warning (14025): LATCH primitive "Alu:aAlu|tmp[16]" is permanently disabled
Warning (14025): LATCH primitive "Alu:aAlu|tmp[15]" is permanently disabled
Warning (14025): LATCH primitive "Alu:aAlu|tmp[14]" is permanently disabled
Warning (14025): LATCH primitive "Alu:aAlu|tmp[13]" is permanently disabled
Warning (14025): LATCH primitive "Alu:aAlu|tmp[12]" is permanently disabled
Warning (14025): LATCH primitive "Alu:aAlu|tmp[11]" is permanently disabled
Warning (14025): LATCH primitive "Alu:aAlu|tmp[10]" is permanently disabled
Warning (14025): LATCH primitive "Alu:aAlu|tmp[9]" is permanently disabled
Warning (14025): LATCH primitive "Alu:aAlu|tmp[8]" is permanently disabled
Warning (14025): LATCH primitive "Alu:aAlu|tmp[7]" is permanently disabled
Warning (14025): LATCH primitive "Alu:aAlu|tmp[6]" is permanently disabled
Warning (14025): LATCH primitive "Alu:aAlu|tmp[5]" is permanently disabled
Warning (14025): LATCH primitive "Alu:aAlu|tmp[4]" is permanently disabled
Warning (14025): LATCH primitive "Alu:aAlu|tmp[3]" is permanently disabled
Warning (14025): LATCH primitive "Alu:aAlu|tmp[2]" is permanently disabled
Warning (14025): LATCH primitive "Alu:aAlu|tmp[1]" is permanently disabled
Warning (14025): LATCH primitive "Alu:aAlu|tmp[0]" is permanently disabled
Warning (14025): LATCH primitive "Alu:aAlu|tmp[23]" is permanently disabled
Warning (14025): LATCH primitive "Alu:aAlu|tmp[24]" is permanently disabled
Warning (14025): LATCH primitive "Alu:aAlu|tmp[25]" is permanently disabled
Warning (14025): LATCH primitive "Alu:aAlu|tmp[26]" is permanently disabled
Warning (14025): LATCH primitive "Alu:aAlu|tmp[27]" is permanently disabled
Warning (14025): LATCH primitive "Alu:aAlu|tmp[28]" is permanently disabled
Warning (14025): LATCH primitive "Alu:aAlu|tmp[29]" is permanently disabled
Warning (14025): LATCH primitive "Alu:aAlu|tmp[30]" is permanently disabled
Warning (14025): LATCH primitive "Alu:aAlu|tmp[31]" is permanently disabled
Warning (14026): LATCH primitive "Alu:aAlu|res[0]" is permanently enabled
Warning (14026): LATCH primitive "Alu:aAlu|res[1]" is permanently enabled
Warning (14026): LATCH primitive "Alu:aAlu|res[2]" is permanently enabled
Warning (14026): LATCH primitive "Alu:aAlu|res[3]" is permanently enabled
Warning (14026): LATCH primitive "Alu:aAlu|res[4]" is permanently enabled
Warning (14026): LATCH primitive "Alu:aAlu|res[5]" is permanently enabled
Warning (14026): LATCH primitive "Alu:aAlu|res[6]" is permanently enabled
Warning (14026): LATCH primitive "Alu:aAlu|res[7]" is permanently enabled
Warning (14026): LATCH primitive "Alu:aAlu|res[8]" is permanently enabled
Warning (14026): LATCH primitive "Alu:aAlu|res[9]" is permanently enabled
Warning (14026): LATCH primitive "Alu:aAlu|res[10]" is permanently enabled
Warning (14026): LATCH primitive "Alu:aAlu|res[11]" is permanently enabled
Warning (14026): LATCH primitive "Alu:aAlu|res[12]" is permanently enabled
Warning (14026): LATCH primitive "Alu:aAlu|res[13]" is permanently enabled
Warning (14026): LATCH primitive "Alu:aAlu|res[14]" is permanently enabled
Warning (14026): LATCH primitive "Alu:aAlu|res[15]" is permanently enabled
Warning (14026): LATCH primitive "Alu:aAlu|res[16]" is permanently enabled
Warning (14026): LATCH primitive "Alu:aAlu|res[17]" is permanently enabled
Warning (14026): LATCH primitive "Alu:aAlu|res[18]" is permanently enabled
Warning (14026): LATCH primitive "Alu:aAlu|res[19]" is permanently enabled
Warning (14026): LATCH primitive "Alu:aAlu|res[20]" is permanently enabled
Warning (14026): LATCH primitive "Alu:aAlu|res[21]" is permanently enabled
Warning (14026): LATCH primitive "Alu:aAlu|res[22]" is permanently enabled
Warning (14026): LATCH primitive "Alu:aAlu|res[23]" is permanently enabled
Warning (14026): LATCH primitive "Alu:aAlu|res[24]" is permanently enabled
Warning (14026): LATCH primitive "Alu:aAlu|res[25]" is permanently enabled
Warning (14026): LATCH primitive "Alu:aAlu|res[26]" is permanently enabled
Warning (14026): LATCH primitive "Alu:aAlu|res[27]" is permanently enabled
Warning (14026): LATCH primitive "Alu:aAlu|res[28]" is permanently enabled
Warning (14026): LATCH primitive "Alu:aAlu|res[29]" is permanently enabled
Warning (14026): LATCH primitive "Alu:aAlu|res[30]" is permanently enabled
Warning (14026): LATCH primitive "Alu:aAlu|res[31]" is permanently enabled
Warning (14026): LATCH primitive "Alu:aAlu|res[0]" is permanently enabled
Warning (14026): LATCH primitive "Alu:aAlu|res[1]" is permanently enabled
Warning (14026): LATCH primitive "Alu:aAlu|res[2]" is permanently enabled
Warning (14026): LATCH primitive "Alu:aAlu|res[3]" is permanently enabled
Warning (14026): LATCH primitive "Alu:aAlu|res[4]" is permanently enabled
Warning (14026): LATCH primitive "Alu:aAlu|res[5]" is permanently enabled
Warning (14026): LATCH primitive "Alu:aAlu|res[6]" is permanently enabled
Warning (14026): LATCH primitive "Alu:aAlu|res[7]" is permanently enabled
Warning (14026): LATCH primitive "Alu:aAlu|res[8]" is permanently enabled
Warning (14026): LATCH primitive "Alu:aAlu|res[9]" is permanently enabled
Warning (14026): LATCH primitive "Alu:aAlu|res[10]" is permanently enabled
Warning (14026): LATCH primitive "Alu:aAlu|res[11]" is permanently enabled
Warning (14026): LATCH primitive "Alu:aAlu|res[12]" is permanently enabled
Warning (14026): LATCH primitive "Alu:aAlu|res[13]" is permanently enabled
Warning (14026): LATCH primitive "Alu:aAlu|res[14]" is permanently enabled
Warning (14026): LATCH primitive "Alu:aAlu|res[15]" is permanently enabled
Warning (14026): LATCH primitive "Alu:aAlu|res[16]" is permanently enabled
Warning (14026): LATCH primitive "Alu:aAlu|res[17]" is permanently enabled
Warning (14026): LATCH primitive "Alu:aAlu|res[18]" is permanently enabled
Warning (14026): LATCH primitive "Alu:aAlu|res[19]" is permanently enabled
Warning (14026): LATCH primitive "Alu:aAlu|res[20]" is permanently enabled
Warning (14026): LATCH primitive "Alu:aAlu|res[21]" is permanently enabled
Warning (14026): LATCH primitive "Alu:aAlu|res[22]" is permanently enabled
Warning (14026): LATCH primitive "Alu:aAlu|res[23]" is permanently enabled
Warning (14026): LATCH primitive "Alu:aAlu|res[24]" is permanently enabled
Warning (14026): LATCH primitive "Alu:aAlu|res[25]" is permanently enabled
Warning (14026): LATCH primitive "Alu:aAlu|res[26]" is permanently enabled
Warning (14026): LATCH primitive "Alu:aAlu|res[27]" is permanently enabled
Warning (14026): LATCH primitive "Alu:aAlu|res[28]" is permanently enabled
Warning (14026): LATCH primitive "Alu:aAlu|res[29]" is permanently enabled
Warning (14026): LATCH primitive "Alu:aAlu|res[30]" is permanently enabled
Warning (14026): LATCH primitive "Alu:aAlu|res[31]" is permanently enabled
Warning (13024): Output pins are stuck at VCC or GND
    Warning (13410): Pin "salidaPrueba[0]" is stuck at GND
    Warning (13410): Pin "salidaPrueba[1]" is stuck at GND
    Warning (13410): Pin "salidaPrueba[2]" is stuck at GND
    Warning (13410): Pin "salidaPrueba[3]" is stuck at GND
    Warning (13410): Pin "salidaPrueba[4]" is stuck at GND
    Warning (13410): Pin "salidaPrueba[5]" is stuck at GND
    Warning (13410): Pin "salidaPrueba[6]" is stuck at GND
    Warning (13410): Pin "salidaPrueba[7]" is stuck at GND
    Warning (13410): Pin "salidaPrueba[8]" is stuck at GND
    Warning (13410): Pin "salidaPrueba[9]" is stuck at GND
    Warning (13410): Pin "salidaPrueba[10]" is stuck at GND
    Warning (13410): Pin "salidaPrueba[11]" is stuck at GND
    Warning (13410): Pin "salidaPrueba[12]" is stuck at GND
    Warning (13410): Pin "salidaPrueba[13]" is stuck at GND
    Warning (13410): Pin "salidaPrueba[14]" is stuck at GND
    Warning (13410): Pin "salidaPrueba[15]" is stuck at GND
    Warning (13410): Pin "salidaPrueba[16]" is stuck at GND
    Warning (13410): Pin "salidaPrueba[17]" is stuck at GND
    Warning (13410): Pin "salidaPrueba[18]" is stuck at GND
    Warning (13410): Pin "salidaPrueba[19]" is stuck at GND
    Warning (13410): Pin "salidaPrueba[20]" is stuck at GND
    Warning (13410): Pin "salidaPrueba[21]" is stuck at GND
    Warning (13410): Pin "salidaPrueba[22]" is stuck at GND
    Warning (13410): Pin "salidaPrueba[23]" is stuck at GND
    Warning (13410): Pin "salidaPrueba[24]" is stuck at GND
    Warning (13410): Pin "salidaPrueba[25]" is stuck at GND
    Warning (13410): Pin "salidaPrueba[26]" is stuck at GND
    Warning (13410): Pin "salidaPrueba[27]" is stuck at GND
    Warning (13410): Pin "salidaPrueba[28]" is stuck at GND
    Warning (13410): Pin "salidaPrueba[29]" is stuck at GND
    Warning (13410): Pin "salidaPrueba[30]" is stuck at GND
    Warning (13410): Pin "salidaPrueba[31]" is stuck at GND
Info (17049): 64 registers lost all their fanouts during netlist optimizations.
Info (16010): Generating hard_block partition "hard_block:auto_generated_inst"
    Info (16011): Adding 0 node(s), including 0 DDIO, 0 PLL, 0 transceiver and 0 LCELL
Warning (21074): Design contains 193 input pin(s) that do not drive logic
    Warning (15610): No output dependent on input pin "entrada1MuxB[0]"
    Warning (15610): No output dependent on input pin "entrada1MuxB[1]"
    Warning (15610): No output dependent on input pin "entrada1MuxB[2]"
    Warning (15610): No output dependent on input pin "entrada1MuxB[3]"
    Warning (15610): No output dependent on input pin "entrada1MuxB[4]"
    Warning (15610): No output dependent on input pin "entrada1MuxB[5]"
    Warning (15610): No output dependent on input pin "entrada1MuxB[6]"
    Warning (15610): No output dependent on input pin "entrada1MuxB[7]"
    Warning (15610): No output dependent on input pin "entrada1MuxB[8]"
    Warning (15610): No output dependent on input pin "entrada1MuxB[9]"
    Warning (15610): No output dependent on input pin "entrada1MuxB[10]"
    Warning (15610): No output dependent on input pin "entrada1MuxB[11]"
    Warning (15610): No output dependent on input pin "entrada1MuxB[12]"
    Warning (15610): No output dependent on input pin "entrada1MuxB[13]"
    Warning (15610): No output dependent on input pin "entrada1MuxB[14]"
    Warning (15610): No output dependent on input pin "entrada1MuxB[15]"
    Warning (15610): No output dependent on input pin "entrada1MuxB[16]"
    Warning (15610): No output dependent on input pin "entrada1MuxB[17]"
    Warning (15610): No output dependent on input pin "entrada1MuxB[18]"
    Warning (15610): No output dependent on input pin "entrada1MuxB[19]"
    Warning (15610): No output dependent on input pin "entrada1MuxB[20]"
    Warning (15610): No output dependent on input pin "entrada1MuxB[21]"
    Warning (15610): No output dependent on input pin "entrada1MuxB[22]"
    Warning (15610): No output dependent on input pin "entrada1MuxB[23]"
    Warning (15610): No output dependent on input pin "entrada1MuxB[24]"
    Warning (15610): No output dependent on input pin "entrada1MuxB[25]"
    Warning (15610): No output dependent on input pin "entrada1MuxB[26]"
    Warning (15610): No output dependent on input pin "entrada1MuxB[27]"
    Warning (15610): No output dependent on input pin "entrada1MuxB[28]"
    Warning (15610): No output dependent on input pin "entrada1MuxB[29]"
    Warning (15610): No output dependent on input pin "entrada1MuxB[30]"
    Warning (15610): No output dependent on input pin "entrada1MuxB[31]"
    Warning (15610): No output dependent on input pin "entradaShiftL[30]"
    Warning (15610): No output dependent on input pin "entradaShiftL[31]"
    Warning (15610): No output dependent on input pin "entrada0MuxA[0]"
    Warning (15610): No output dependent on input pin "entrada0MuxA[1]"
    Warning (15610): No output dependent on input pin "entrada0MuxA[2]"
    Warning (15610): No output dependent on input pin "entrada0MuxA[3]"
    Warning (15610): No output dependent on input pin "entrada0MuxA[4]"
    Warning (15610): No output dependent on input pin "entrada0MuxA[5]"
    Warning (15610): No output dependent on input pin "entrada0MuxA[6]"
    Warning (15610): No output dependent on input pin "entrada0MuxA[7]"
    Warning (15610): No output dependent on input pin "entrada0MuxA[8]"
    Warning (15610): No output dependent on input pin "entrada0MuxA[9]"
    Warning (15610): No output dependent on input pin "entrada0MuxA[10]"
    Warning (15610): No output dependent on input pin "entrada0MuxA[11]"
    Warning (15610): No output dependent on input pin "entrada0MuxA[12]"
    Warning (15610): No output dependent on input pin "entrada0MuxA[13]"
    Warning (15610): No output dependent on input pin "entrada0MuxA[14]"
    Warning (15610): No output dependent on input pin "entrada0MuxA[15]"
    Warning (15610): No output dependent on input pin "entrada0MuxA[16]"
    Warning (15610): No output dependent on input pin "entrada0MuxA[17]"
    Warning (15610): No output dependent on input pin "entrada0MuxA[18]"
    Warning (15610): No output dependent on input pin "entrada0MuxA[19]"
    Warning (15610): No output dependent on input pin "entrada0MuxA[20]"
    Warning (15610): No output dependent on input pin "entrada0MuxA[21]"
    Warning (15610): No output dependent on input pin "entrada0MuxA[22]"
    Warning (15610): No output dependent on input pin "entrada0MuxA[23]"
    Warning (15610): No output dependent on input pin "entrada0MuxA[24]"
    Warning (15610): No output dependent on input pin "entrada0MuxA[25]"
    Warning (15610): No output dependent on input pin "entrada0MuxA[26]"
    Warning (15610): No output dependent on input pin "entrada0MuxA[27]"
    Warning (15610): No output dependent on input pin "entrada0MuxA[28]"
    Warning (15610): No output dependent on input pin "entrada0MuxA[29]"
    Warning (15610): No output dependent on input pin "entrada0MuxA[30]"
    Warning (15610): No output dependent on input pin "entrada0MuxA[31]"
    Warning (15610): No output dependent on input pin "entrada2MuxB[0]"
    Warning (15610): No output dependent on input pin "entrada2MuxB[1]"
    Warning (15610): No output dependent on input pin "entrada2MuxB[2]"
    Warning (15610): No output dependent on input pin "entradaShiftL[0]"
    Warning (15610): No output dependent on input pin "entrada2MuxB[3]"
    Warning (15610): No output dependent on input pin "entradaShiftL[1]"
    Warning (15610): No output dependent on input pin "entrada2MuxB[4]"
    Warning (15610): No output dependent on input pin "entradaShiftL[2]"
    Warning (15610): No output dependent on input pin "entrada2MuxB[5]"
    Warning (15610): No output dependent on input pin "entradaShiftL[3]"
    Warning (15610): No output dependent on input pin "entrada2MuxB[6]"
    Warning (15610): No output dependent on input pin "entradaShiftL[4]"
    Warning (15610): No output dependent on input pin "entrada2MuxB[7]"
    Warning (15610): No output dependent on input pin "entradaShiftL[5]"
    Warning (15610): No output dependent on input pin "entrada2MuxB[8]"
    Warning (15610): No output dependent on input pin "entradaShiftL[6]"
    Warning (15610): No output dependent on input pin "entrada2MuxB[9]"
    Warning (15610): No output dependent on input pin "entradaShiftL[7]"
    Warning (15610): No output dependent on input pin "entrada2MuxB[10]"
    Warning (15610): No output dependent on input pin "entradaShiftL[8]"
    Warning (15610): No output dependent on input pin "entrada2MuxB[11]"
    Warning (15610): No output dependent on input pin "entradaShiftL[9]"
    Warning (15610): No output dependent on input pin "entrada2MuxB[12]"
    Warning (15610): No output dependent on input pin "entradaShiftL[10]"
    Warning (15610): No output dependent on input pin "entrada2MuxB[13]"
    Warning (15610): No output dependent on input pin "entradaShiftL[11]"
    Warning (15610): No output dependent on input pin "entrada2MuxB[14]"
    Warning (15610): No output dependent on input pin "entradaShiftL[12]"
    Warning (15610): No output dependent on input pin "entrada2MuxB[15]"
    Warning (15610): No output dependent on input pin "entradaShiftL[13]"
    Warning (15610): No output dependent on input pin "entrada2MuxB[16]"
    Warning (15610): No output dependent on input pin "entradaShiftL[14]"
    Warning (15610): No output dependent on input pin "entrada2MuxB[17]"
    Warning (15610): No output dependent on input pin "entradaShiftL[15]"
    Warning (15610): No output dependent on input pin "entrada2MuxB[18]"
    Warning (15610): No output dependent on input pin "entradaShiftL[16]"
    Warning (15610): No output dependent on input pin "entrada2MuxB[19]"
    Warning (15610): No output dependent on input pin "entradaShiftL[17]"
    Warning (15610): No output dependent on input pin "entrada2MuxB[20]"
    Warning (15610): No output dependent on input pin "entradaShiftL[18]"
    Warning (15610): No output dependent on input pin "entrada2MuxB[21]"
    Warning (15610): No output dependent on input pin "entradaShiftL[19]"
    Warning (15610): No output dependent on input pin "entrada2MuxB[22]"
    Warning (15610): No output dependent on input pin "entradaShiftL[20]"
    Warning (15610): No output dependent on input pin "entrada2MuxB[23]"
    Warning (15610): No output dependent on input pin "entradaShiftL[21]"
    Warning (15610): No output dependent on input pin "entrada2MuxB[24]"
    Warning (15610): No output dependent on input pin "entradaShiftL[22]"
    Warning (15610): No output dependent on input pin "entrada2MuxB[25]"
    Warning (15610): No output dependent on input pin "entradaShiftL[23]"
    Warning (15610): No output dependent on input pin "entrada2MuxB[26]"
    Warning (15610): No output dependent on input pin "entradaShiftL[24]"
    Warning (15610): No output dependent on input pin "entrada2MuxB[27]"
    Warning (15610): No output dependent on input pin "entradaShiftL[25]"
    Warning (15610): No output dependent on input pin "entrada2MuxB[28]"
    Warning (15610): No output dependent on input pin "entradaShiftL[26]"
    Warning (15610): No output dependent on input pin "entrada2MuxB[29]"
    Warning (15610): No output dependent on input pin "entradaShiftL[27]"
    Warning (15610): No output dependent on input pin "entrada2MuxB[30]"
    Warning (15610): No output dependent on input pin "entradaShiftL[28]"
    Warning (15610): No output dependent on input pin "entrada2MuxB[31]"
    Warning (15610): No output dependent on input pin "entradaShiftL[29]"
    Warning (15610): No output dependent on input pin "entradaRegA[0]"
    Warning (15610): No output dependent on input pin "entradaRegA[1]"
    Warning (15610): No output dependent on input pin "entradaRegA[2]"
    Warning (15610): No output dependent on input pin "entradaRegA[3]"
    Warning (15610): No output dependent on input pin "entradaRegA[4]"
    Warning (15610): No output dependent on input pin "entradaRegA[5]"
    Warning (15610): No output dependent on input pin "entradaRegA[6]"
    Warning (15610): No output dependent on input pin "entradaRegA[7]"
    Warning (15610): No output dependent on input pin "entradaRegA[8]"
    Warning (15610): No output dependent on input pin "entradaRegA[9]"
    Warning (15610): No output dependent on input pin "entradaRegA[10]"
    Warning (15610): No output dependent on input pin "entradaRegA[11]"
    Warning (15610): No output dependent on input pin "entradaRegA[12]"
    Warning (15610): No output dependent on input pin "entradaRegA[13]"
    Warning (15610): No output dependent on input pin "entradaRegA[14]"
    Warning (15610): No output dependent on input pin "entradaRegA[15]"
    Warning (15610): No output dependent on input pin "entradaRegA[16]"
    Warning (15610): No output dependent on input pin "entradaRegA[17]"
    Warning (15610): No output dependent on input pin "entradaRegA[18]"
    Warning (15610): No output dependent on input pin "entradaRegA[19]"
    Warning (15610): No output dependent on input pin "entradaRegA[20]"
    Warning (15610): No output dependent on input pin "entradaRegA[21]"
    Warning (15610): No output dependent on input pin "entradaRegA[22]"
    Warning (15610): No output dependent on input pin "entradaRegA[23]"
    Warning (15610): No output dependent on input pin "entradaRegA[24]"
    Warning (15610): No output dependent on input pin "entradaRegA[25]"
    Warning (15610): No output dependent on input pin "entradaRegA[26]"
    Warning (15610): No output dependent on input pin "entradaRegA[27]"
    Warning (15610): No output dependent on input pin "entradaRegA[28]"
    Warning (15610): No output dependent on input pin "entradaRegA[29]"
    Warning (15610): No output dependent on input pin "entradaRegA[30]"
    Warning (15610): No output dependent on input pin "entradaRegA[31]"
    Warning (15610): No output dependent on input pin "entradaRegB[0]"
    Warning (15610): No output dependent on input pin "entradaRegB[1]"
    Warning (15610): No output dependent on input pin "entradaRegB[2]"
    Warning (15610): No output dependent on input pin "entradaRegB[3]"
    Warning (15610): No output dependent on input pin "entradaRegB[4]"
    Warning (15610): No output dependent on input pin "entradaRegB[5]"
    Warning (15610): No output dependent on input pin "entradaRegB[6]"
    Warning (15610): No output dependent on input pin "entradaRegB[7]"
    Warning (15610): No output dependent on input pin "entradaRegB[8]"
    Warning (15610): No output dependent on input pin "entradaRegB[9]"
    Warning (15610): No output dependent on input pin "entradaRegB[10]"
    Warning (15610): No output dependent on input pin "entradaRegB[11]"
    Warning (15610): No output dependent on input pin "entradaRegB[12]"
    Warning (15610): No output dependent on input pin "entradaRegB[13]"
    Warning (15610): No output dependent on input pin "entradaRegB[14]"
    Warning (15610): No output dependent on input pin "entradaRegB[15]"
    Warning (15610): No output dependent on input pin "entradaRegB[16]"
    Warning (15610): No output dependent on input pin "entradaRegB[17]"
    Warning (15610): No output dependent on input pin "entradaRegB[18]"
    Warning (15610): No output dependent on input pin "entradaRegB[19]"
    Warning (15610): No output dependent on input pin "entradaRegB[20]"
    Warning (15610): No output dependent on input pin "entradaRegB[21]"
    Warning (15610): No output dependent on input pin "entradaRegB[22]"
    Warning (15610): No output dependent on input pin "entradaRegB[23]"
    Warning (15610): No output dependent on input pin "entradaRegB[24]"
    Warning (15610): No output dependent on input pin "entradaRegB[25]"
    Warning (15610): No output dependent on input pin "entradaRegB[26]"
    Warning (15610): No output dependent on input pin "entradaRegB[27]"
    Warning (15610): No output dependent on input pin "entradaRegB[28]"
    Warning (15610): No output dependent on input pin "entradaRegB[29]"
    Warning (15610): No output dependent on input pin "entradaRegB[30]"
    Warning (15610): No output dependent on input pin "entradaRegB[31]"
    Warning (15610): No output dependent on input pin "clk"
Info (21057): Implemented 225 device resources after synthesis - the final resource count might be different
    Info (21058): Implemented 193 input pins
    Info (21059): Implemented 32 output pins
Info: Quartus II 64-Bit Analysis & Synthesis was successful. 0 errors, 326 warnings
    Info: Peak virtual memory: 4657 megabytes
    Info: Processing ended: Wed May 01 18:28:48 2019
    Info: Elapsed time: 00:00:01
    Info: Total CPU time (on all processors): 00:00:01


